f:\dx12demo\samples\desktop\d3d12helloworld\src\hellotriangle\obj\x64\debug\d3d12hellotriangle.pch
f:\dx12demo\samples\desktop\d3d12helloworld\src\hellotriangle\obj\x64\debug\vc142.pdb
f:\dx12demo\samples\desktop\d3d12helloworld\src\hellotriangle\obj\x64\debug\vc142.idb
f:\dx12demo\samples\desktop\d3d12helloworld\src\hellotriangle\obj\x64\debug\stdafx.obj
f:\dx12demo\samples\desktop\d3d12helloworld\src\hellotriangle\obj\x64\debug\main.obj
f:\dx12demo\samples\desktop\d3d12helloworld\src\hellotriangle\obj\x64\debug\dxsample.obj
f:\dx12demo\samples\desktop\d3d12helloworld\src\hellotriangle\obj\x64\debug\d3d12hellotriangle.obj
f:\dx12demo\samples\desktop\d3d12helloworld\src\hellotriangle\obj\x64\debug\win32application.obj
f:\dx12demo\samples\desktop\d3d12helloworld\src\hellotriangle\bin\x64\debug\shaders.hlsl
f:\dx12demo\samples\desktop\d3d12helloworld\src\hellotriangle\obj\x64\debug\d3d12hellotriangle.ilk
f:\dx12demo\samples\desktop\d3d12helloworld\src\hellotriangle\bin\x64\debug\d3d12hellotriangle.exe
f:\dx12demo\samples\desktop\d3d12helloworld\src\hellotriangle\bin\x64\debug\d3d12hellotriangle.pdb
f:\dx12demo\samples\desktop\d3d12helloworld\src\hellotriangle\obj\x64\debug\d3d12hel.5018f6a3.tlog\cl.command.1.tlog
f:\dx12demo\samples\desktop\d3d12helloworld\src\hellotriangle\obj\x64\debug\d3d12hel.5018f6a3.tlog\cl.read.1.tlog
f:\dx12demo\samples\desktop\d3d12helloworld\src\hellotriangle\obj\x64\debug\d3d12hel.5018f6a3.tlog\cl.write.1.tlog
f:\dx12demo\samples\desktop\d3d12helloworld\src\hellotriangle\obj\x64\debug\d3d12hel.5018f6a3.tlog\custombuild.command.1.tlog
f:\dx12demo\samples\desktop\d3d12helloworld\src\hellotriangle\obj\x64\debug\d3d12hel.5018f6a3.tlog\custombuild.read.1.tlog
f:\dx12demo\samples\desktop\d3d12helloworld\src\hellotriangle\obj\x64\debug\d3d12hel.5018f6a3.tlog\custombuild.write.1.tlog
f:\dx12demo\samples\desktop\d3d12helloworld\src\hellotriangle\obj\x64\debug\d3d12hel.5018f6a3.tlog\link.command.1.tlog
f:\dx12demo\samples\desktop\d3d12helloworld\src\hellotriangle\obj\x64\debug\d3d12hel.5018f6a3.tlog\link.read.1.tlog
f:\dx12demo\samples\desktop\d3d12helloworld\src\hellotriangle\obj\x64\debug\d3d12hel.5018f6a3.tlog\link.write.1.tlog
